23:58:40 **** Incremental Build of configuration Debug for project Final_Project ****
make all 
Building file: ../Final_Project_MC1/mc1.c
Invoking: AVR Compiler
avr-gcc -Wall -g2 -gstabs -O0 -fpack-struct -fshort-enums -ffunction-sections -fdata-sections -std=gnu99 -funsigned-char -funsigned-bitfields -mmcu=atmega16 -DF_CPU=8000000UL -MMD -MP -MF"Final_Project_MC1/mc1.d" -MT"Final_Project_MC1/mc1.o" -c -o "Final_Project_MC1/mc1.o" "../Final_Project_MC1/mc1.c"
In file included from ../Final_Project_MC1/mc1.c:10:
c:/winavr-20100110/lib/gcc/../../avr/include/util/delay.h:90:3: warning: #warning "Compiler optimizations disabled; functions from <util/delay.h> won't work as designed"
Finished building: ../Final_Project_MC1/mc1.c
 
Building target: Final_Project.elf
Invoking: AVR C Linker
avr-gcc -Wl,-Map,Final_Project.map -mmcu=atmega16 -o "Final_Project.elf"  ./Final_Project_MC1/gpio.o ./Final_Project_MC1/keypad.o ./Final_Project_MC1/lcd.o ./Final_Project_MC1/mc1.o ./Final_Project_MC1/uart.o   
Finished building target: Final_Project.elf
 
Invoking: AVR Create Extended Listing
avr-objdump -h -S Final_Project.elf  >"Final_Project.lss"
Finished building: Final_Project.lss
 
Invoking: Print Size
avr-size --format=avr --mcu=atmega16 Final_Project.elf
AVR Memory Usage
----------------
Device: atmega16

Program:   15838 bytes (96.7% Full)
(.text + .data + .bootloader)

Data:        276 bytes (27.0% Full)
(.data + .bss + .noinit)


Finished building: sizedummy
 

23:58:41 Build Finished. 0 errors, 1 warnings. (took 971ms)

